<?xml version="1.0" encoding="UTF-8"?>
<!-- Generated by org.testng.reporters.JUnitXMLReporter -->
<testsuite hostname="ESEKAVDASP31082" ignored="0" name="Test" tests="3" failures="1" timestamp="31 Jul 2018 08:50:34 GMT" time="0.139" errors="0">
  <testcase name="test1" time="0.041" classname="com.automation.testClass.Test1"/>
  <testcase name="test2" time="0.002" classname="com.automation.testClass.Test1"/>
  <testcase name="test3" time="0.009" classname="com.automation.testClass.Test1">
    <failure type="java.lang.AssertionError" message="expected [false] but found [true]">
      <![CDATA[java.lang.AssertionError: expected [false] but found [true]
	at com.automation.testClass.Test1.test3(Test1.java:29)
... Removed 31 stack frames]]>
    </failure>
  </testcase> <!-- test3 -->
</testsuite> <!-- Test -->
