<?xml version="1.0" encoding="UTF-8"?>
<!-- Generated by org.testng.reporters.JUnitXMLReporter -->
<testsuite hostname="ESEKAVDASP31082" ignored="0" name="testtry" tests="3" failures="0" timestamp="31 Jul 2018 09:43:24 GMT" time="0.034" errors="0">
  <testcase name="@AfterMethod tearDown" time="0.0" classname="com.automation.utilites.BaseTest">
    <failure type="java.lang.NullPointerException">
      <![CDATA[java.lang.NullPointerException
	at com.automation.utilites.BaseTest.tearDown(BaseTest.java:76)
... Removed 27 stack frames]]>
    </failure>
  </testcase> <!-- @AfterMethod tearDown -->
  <testcase name="@AfterMethod tearDown" time="0.0" classname="com.automation.utilites.BaseTest">
    <skipped/>
  </testcase> <!-- @AfterMethod tearDown -->
  <testcase name="@AfterMethod tearDown" time="0.0" classname="com.automation.utilites.BaseTest">
    <skipped/>
  </testcase> <!-- @AfterMethod tearDown -->
  <testcase name="test1" time="0.01" classname="com.automation.testClass.Test1"/>
  <testcase name="test2" time="0.001" classname="com.automation.testClass.Test1">
    <skipped/>
  </testcase> <!-- test2 -->
  <testcase name="test3" time="0.0" classname="com.automation.testClass.Test1">
    <skipped/>
  </testcase> <!-- test3 -->
</testsuite> <!-- testtry -->
